\BOOKMARK [0][-]{chapter*.5}{Nomenclature}{}% 1
\BOOKMARK [0][-]{chapter*.6}{Introduction}{}% 2
\BOOKMARK [0][-]{chapter.1}{Cosmic-Rays}{}% 3
\BOOKMARK [1][-]{section.1.1}{History of Cosmic-Rays}{chapter.1}% 4
\BOOKMARK [1][-]{section.1.2}{Energy Spectrum and Mass composition}{chapter.1}% 5
\BOOKMARK [1][-]{section.1.3}{Production Method and Sources}{chapter.1}% 6
\BOOKMARK [0][-]{chapter.2}{Detection of Cosmic-rays}{}% 7
\BOOKMARK [1][-]{section.2.1}{Extensive Air Showers}{chapter.2}% 8
\BOOKMARK [1][-]{section.2.2}{Fluorescence Production}{chapter.2}% 9
\BOOKMARK [1][-]{section.2.3}{Atmospheric Effects}{chapter.2}% 10
\BOOKMARK [1][-]{section.2.4}{Detectors and History}{chapter.2}% 11
\BOOKMARK [0][-]{chapter.3}{Pierre Auger Observatory}{}% 12
\BOOKMARK [1][-]{section.3.1}{Surface Detector}{chapter.3}% 13
\BOOKMARK [2][-]{subsection.3.1.1}{AugerPrime}{section.3.1}% 14
\BOOKMARK [1][-]{section.3.2}{Fluorescence Detector}{chapter.3}% 15
\BOOKMARK [2][-]{subsection.3.2.1}{Photomultiplier Tubes}{section.3.2}% 16
\BOOKMARK [1][-]{section.3.3}{Communication System and CDAS}{chapter.3}% 17
\BOOKMARK [1][-]{section.3.4}{Event Reconstruction}{chapter.3}% 18
\BOOKMARK [2][-]{subsection.3.4.1}{Surface Detector}{section.3.4}% 19
\BOOKMARK [2][-]{subsection.3.4.2}{Fluorescence Detector}{section.3.4}% 20
\BOOKMARK [1][-]{section.3.5}{Enhancements and future upgrades}{chapter.3}% 21
\BOOKMARK [0][-]{chapter.4}{EAS Selection Efficiency with Increased NSB}{}% 22
\BOOKMARK [1][-]{section.4.1}{Selection Efficiency}{chapter.4}% 23
\BOOKMARK [1][-]{section.4.2}{Resolution and Bias}{chapter.4}% 24
\BOOKMARK [1][-]{section.4.3}{Comparing Simulated Data to Real Data}{chapter.4}% 25
\BOOKMARK [1][-]{section.4.4}{EAS Track Length in FD}{chapter.4}% 26
\BOOKMARK [0][-]{chapter.5}{Quantifying Characteristics of the FD PMT}{}% 27
\BOOKMARK [0][-]{chapter.6}{Computer Simulation of FD PMT}{}% 28
\BOOKMARK [0][-]{chapter.7}{Measuring FD PMT Gain Variance with CalA Data}{}% 29
\BOOKMARK [1][-]{section.7.1}{Result of Pairs Method}{chapter.7}% 30
\BOOKMARK [1][-]{section.7.2}{Result of Averaging Sets of Traces Method}{chapter.7}% 31
\BOOKMARK [1][-]{section.7.3}{Result of Averaging Sets of Traces Method with Least Trimmed Squares}{chapter.7}% 32
\BOOKMARK [1][-]{section.7.4}{Result of Averaging Sets of Traces Method using Noise Distribution}{chapter.7}% 33
\BOOKMARK [0][-]{chapter.8}{Laboratory Simulation of FD shift}{}% 34
\BOOKMARK [0][-]{chapter.9}{Evaluation of Cloud Camera Cuts}{}% 35
\BOOKMARK [0][-]{chapter.10}{Conclusion}{}% 36
\BOOKMARK [1][-]{section.10.1}{Future Work}{chapter.10}% 37
